<?xml version="1.0" encoding="UTF-8"?>
<!-- Generated by org.testng.reporters.JUnitReportReporter -->
<testsuite skipped="0" hostname="Prashant" name="com.crm.qa.testcases.LoginPageTest" tests="3" failures="0" timestamp="18 May 2021 05:10:14 GMT" time="10.228" errors="0">
  <testcase name="loginPageTitleTest" time="0.066" classname="com.crm.qa.testcases.LoginPageTest"/>
  <testcase name="crmLogoImageTest" time="0.287" classname="com.crm.qa.testcases.LoginPageTest"/>
  <testcase name="loginTest" time="9.875" classname="com.crm.qa.testcases.LoginPageTest"/>
</testsuite> <!-- com.crm.qa.testcases.LoginPageTest -->
