<?xml version="1.0" encoding="UTF-8"?>
<!-- Generated by org.testng.reporters.JUnitReportReporter -->
<testsuite skipped="0" hostname="Prashant" name="com.crm.qa.testcases.LoginPageTest" tests="3" failures="0" timestamp="19 Jun 2021 06:23:43 GMT" time="5.221" errors="0">
  <testcase name="loginPageTitleTest" time="0.092" classname="com.crm.qa.testcases.LoginPageTest"/>
  <testcase name="crmLogoImageTest" time="0.378" classname="com.crm.qa.testcases.LoginPageTest"/>
  <testcase name="loginTest" time="4.751" classname="com.crm.qa.testcases.LoginPageTest"/>
</testsuite> <!-- com.crm.qa.testcases.LoginPageTest -->
