<?xml version="1.0" encoding="UTF-8"?>
<!-- Generated by org.testng.reporters.JUnitReportReporter -->
<testsuite skipped="0" hostname="Prashant" name="com.crm.qa.testcases.LoginPageTest" tests="3" failures="0" timestamp="22 May 2021 11:39:05 GMT" time="17.959" errors="0">
  <testcase name="loginPageTitleTest" time="0.164" classname="com.crm.qa.testcases.LoginPageTest"/>
  <testcase name="crmLogoImageTest" time="0.471" classname="com.crm.qa.testcases.LoginPageTest"/>
  <testcase name="loginTest" time="17.324" classname="com.crm.qa.testcases.LoginPageTest"/>
</testsuite> <!-- com.crm.qa.testcases.LoginPageTest -->
