<?xml version="1.0" encoding="UTF-8"?>
<!-- Generated by org.testng.reporters.JUnitReportReporter -->
<testsuite skipped="0" hostname="Prashant" name="com.crm.qa.testcases.DashboardPageTest" tests="1" failures="0" timestamp="22 May 2021 11:39:05 GMT" time="0.346" errors="0">
  <testcase name="validateUserTest" time="0.346" classname="com.crm.qa.testcases.DashboardPageTest"/>
</testsuite> <!-- com.crm.qa.testcases.DashboardPageTest -->
