<?xml version="1.0" encoding="UTF-8"?>
<!-- Generated by org.testng.reporters.JUnitReportReporter -->
<testsuite skipped="0" hostname="Prashant" name="com.crm.qa.testcases.LoginPageTest" tests="3" failures="0" timestamp="27 May 2021 03:46:43 GMT" time="9.282" errors="0">
  <testcase name="loginPageTitleTest" time="0.357" classname="com.crm.qa.testcases.LoginPageTest"/>
  <testcase name="crmLogoImageTest" time="0.168" classname="com.crm.qa.testcases.LoginPageTest"/>
  <testcase name="loginTest" time="8.757" classname="com.crm.qa.testcases.LoginPageTest"/>
</testsuite> <!-- com.crm.qa.testcases.LoginPageTest -->
