<?xml version="1.0" encoding="UTF-8"?>
<!-- Generated by org.testng.reporters.JUnitReportReporter -->
<testsuite skipped="0" hostname="Prashant" name="com.crm.qa.testcases.LoginPageTest" tests="3" failures="0" timestamp="25 Mar 2021 10:44:09 GMT" time="5.626" errors="0">
  <testcase name="loginPageTitleTest" time="0.044" classname="com.crm.qa.testcases.LoginPageTest"/>
  <testcase name="crmLogoImageTest" time="0.205" classname="com.crm.qa.testcases.LoginPageTest"/>
  <testcase name="loginTest" time="5.377" classname="com.crm.qa.testcases.LoginPageTest"/>
</testsuite> <!-- com.crm.qa.testcases.LoginPageTest -->
