<?xml version="1.0" encoding="UTF-8"?>
<!-- Generated by org.testng.reporters.JUnitReportReporter -->
<testsuite skipped="0" hostname="Prashant" name="com.crm.qa.testcases.DashboardPageTest" tests="6" failures="0" timestamp="27 May 2021 03:46:43 GMT" time="0.765" errors="0">
  <testcase name="validateHomeTabTest" time="0.188" classname="com.crm.qa.testcases.DashboardPageTest"/>
  <testcase name="validateCallTabTest" time="0.147" classname="com.crm.qa.testcases.DashboardPageTest"/>
  <testcase name="validateReportsTabTest" time="0.109" classname="com.crm.qa.testcases.DashboardPageTest"/>
  <testcase name="validateUsernameTest" time="0.099" classname="com.crm.qa.testcases.DashboardPageTest"/>
  <testcase name="validateLogoTextTest" time="0.106" classname="com.crm.qa.testcases.DashboardPageTest"/>
  <testcase name="validateCountryTest" time="0.116" classname="com.crm.qa.testcases.DashboardPageTest"/>
</testsuite> <!-- com.crm.qa.testcases.DashboardPageTest -->
